<?xml version="1.0" encoding="UTF-8"?>
<!-- Generated by org.testng.reporters.JUnitReportReporter -->
<testsuite skipped="2" hostname="GEPPARLA-IN" name="ActionsAndJSExecutor.ActionsDemo" tests="3" failures="0" timestamp="02 Mar 2020 13:44:27 GMT" time="15.386" errors="0">
  <testcase name="sliderDemo" time="15.386" classname="ActionsAndJSExecutor.ActionsDemo"/>
  <testcase name="actionDemo" classname="ActionsAndJSExecutor.ActionsDemo">
    <skipped/>
  </testcase> <!-- actionDemo -->
  <testcase name="senKeysWithActions" classname="ActionsAndJSExecutor.ActionsDemo">
    <skipped/>
  </testcase> <!-- senKeysWithActions -->
</testsuite> <!-- ActionsAndJSExecutor.ActionsDemo -->
