<?xml version="1.0" encoding="UTF-8"?>
<!-- Generated by org.testng.reporters.JUnitReportReporter -->
<testsuite skipped="2" hostname="GEPPARLA-IN" name="WindowsAndAlerts.WindowHandlersDemo" tests="3" failures="0" timestamp="27 Jan 2020 11:29:55 GMT" time="22.837" errors="0">
  <testcase name="myBookmarksTest" time="22.837" classname="WindowsAndAlerts.WindowHandlersDemo"/>
  <testcase name="TestDemo" classname="WindowsAndAlerts.WindowHandlersDemo">
    <skipped/>
  </testcase> <!-- TestDemo -->
  <testcase name="TestDemo2" classname="WindowsAndAlerts.WindowHandlersDemo">
    <skipped/>
  </testcase> <!-- TestDemo2 -->
</testsuite> <!-- WindowsAndAlerts.WindowHandlersDemo -->
