<?xml version="1.0" encoding="UTF-8"?>
<!-- Generated by org.testng.reporters.JUnitReportReporter -->
<testsuite skipped="0" hostname="GEPPARLA-IN" name="eg.ext.crossbrowser.ChromeBrowserTest" tests="1" failures="0" timestamp="05 Jan 2020 11:20:45 GMT" time="9.662" errors="0">
  <testcase name="test01" time="9.662" classname="eg.ext.crossbrowser.ChromeBrowserTest"/>
</testsuite> <!-- eg.ext.crossbrowser.ChromeBrowserTest -->
