<?xml version="1.0" encoding="UTF-8"?>
<!-- Generated by org.testng.reporters.JUnitReportReporter -->
<testsuite skipped="0" hostname="GEPPARLA-IN" name="CheckBoxesAndDropDowns.DropDownsDemo" tests="2" failures="0" timestamp="30 Jan 2020 18:57:45 GMT" time="19.352" errors="0">
  <testcase name="dropDowntest1" time="12.011" classname="CheckBoxesAndDropDowns.DropDownsDemo"/>
  <testcase name="dropDownTestSelect" time="7.341" classname="CheckBoxesAndDropDowns.DropDownsDemo"/>
</testsuite> <!-- CheckBoxesAndDropDowns.DropDownsDemo -->
