<?xml version="1.0" encoding="UTF-8"?>
<!-- Generated by org.testng.reporters.JUnitReportReporter -->
<testsuite skipped="0" hostname="GEPPARLA-IN" name="WindowsAndAlerts.AlertsDemo" tests="1" failures="0" timestamp="10 May 2020 16:18:51 GMT" time="10.082" errors="0">
  <testcase name="alertDemo1" time="10.082" classname="WindowsAndAlerts.AlertsDemo"/>
</testsuite> <!-- WindowsAndAlerts.AlertsDemo -->
