<?xml version="1.0" encoding="UTF-8"?>
<!-- Generated by org.testng.reporters.JUnitReportReporter -->
<testsuite skipped="0" hostname="GEPPARLA-IN" name="com.tpm.TPMProjectTest" tests="1" failures="0" timestamp="23 Sep 2020 09:37:28 GMT" time="34.326" errors="0">
  <testcase name="Test1" time="34.326" classname="com.tpm.TPMProjectTest"/>
</testsuite> <!-- com.tpm.TPMProjectTest -->
