<?xml version="1.0" encoding="UTF-8"?>
<!-- Generated by org.testng.reporters.JUnitReportReporter -->
<testsuite skipped="0" hostname="GEPPARLA-IN" name="BrokenLinksandImages.BrokenLinksDemo" tests="1" failures="0" timestamp="02 Mar 2020 16:48:26 GMT" time="18.899" errors="0">
  <testcase name="brokenLinksTest" time="18.899" classname="BrokenLinksandImages.BrokenLinksDemo"/>
</testsuite> <!-- BrokenLinksandImages.BrokenLinksDemo -->
