<?xml version="1.0" encoding="UTF-8"?>
<!-- Generated by org.testng.reporters.JUnitReportReporter -->
<testsuite skipped="1" hostname="GEPPARLA-IN" name="ActionsAndJSExecutor.ActionsDemo" tests="2" failures="0" timestamp="22 Jan 2020 17:48:11 GMT" time="12.362" errors="0">
  <testcase name="senKeysWithActions" time="12.362" classname="ActionsAndJSExecutor.ActionsDemo"/>
  <testcase name="actionDemo" classname="ActionsAndJSExecutor.ActionsDemo">
    <skipped/>
  </testcase> <!-- actionDemo -->
</testsuite> <!-- ActionsAndJSExecutor.ActionsDemo -->
