<?xml version="1.0" encoding="UTF-8"?>
<!-- Generated by org.testng.reporters.JUnitReportReporter -->
<testsuite skipped="2" hostname="GEPPARLA-IN" name="ActionsAndJSExecutor.ActionsDemo" tests="3" failures="0" timestamp="02 Feb 2020 19:13:10 GMT" time="9.228" errors="0">
  <testcase name="sliderDemo" time="9.228" classname="ActionsAndJSExecutor.ActionsDemo"/>
  <testcase name="actionDemo" classname="ActionsAndJSExecutor.ActionsDemo">
    <skipped/>
  </testcase> <!-- actionDemo -->
  <testcase name="senKeysWithActions" classname="ActionsAndJSExecutor.ActionsDemo">
    <skipped/>
  </testcase> <!-- senKeysWithActions -->
</testsuite> <!-- ActionsAndJSExecutor.ActionsDemo -->
