<?xml version="1.0" encoding="UTF-8"?>
<!-- Generated by org.testng.reporters.JUnitReportReporter -->
<testsuite skipped="0" hostname="GEPPARLA-IN" name="AutoITPractice.AutoItDemo" tests="3" failures="0" timestamp="21 Feb 2020 18:28:27 GMT" time="110.074" errors="0">
  <testcase name="autoITdemo" time="37.029" classname="AutoITPractice.AutoItDemo"/>
  <testcase name="autoITdemo" time="36.214" classname="AutoITPractice.AutoItDemo"/>
  <testcase name="autoITdemo" time="36.831" classname="AutoITPractice.AutoItDemo"/>
</testsuite> <!-- AutoITPractice.AutoItDemo -->
