<?xml version="1.0" encoding="UTF-8"?>
<!-- Generated by org.testng.reporters.JUnitReportReporter -->
<testsuite skipped="0" hostname="GEPPARLA-IN" name="eg.ext.crossbrowser.FirefoxBrowserTest" tests="1" failures="0" timestamp="05 Jan 2020 11:20:45 GMT" time="14.522" errors="0">
  <testcase name="test01" time="14.522" classname="eg.ext.crossbrowser.FirefoxBrowserTest"/>
</testsuite> <!-- eg.ext.crossbrowser.FirefoxBrowserTest -->
