<?xml version="1.0" encoding="UTF-8"?>
<!-- Generated by org.testng.reporters.JUnitReportReporter -->
<testsuite skipped="0" hostname="GEPPARLA-IN" name="eg.ext.practice.practice1" tests="1" failures="0" timestamp="25 Nov 2019 18:41:45 GMT" time="21.381" errors="0">
  <testcase name="test1" time="21.381" classname="eg.ext.practice.practice1"/>
</testsuite> <!-- eg.ext.practice.practice1 -->
