<?xml version="1.0" encoding="UTF-8"?>
<!-- Generated by org.testng.reporters.JUnitReportReporter -->
<testsuite skipped="0" hostname="GEPPARLA-IN" name="eg.ext.crossbrowser.ChromeBrowserTest" tests="1" failures="0" timestamp="01 May 2020 17:05:46 GMT" time="10.021" errors="0">
  <testcase name="test01" time="10.021" classname="eg.ext.crossbrowser.ChromeBrowserTest"/>
</testsuite> <!-- eg.ext.crossbrowser.ChromeBrowserTest -->
