<?xml version="1.0" encoding="UTF-8"?>
<!-- Generated by org.testng.reporters.JUnitReportReporter -->
<testsuite skipped="0" hostname="GEPPARLA-IN" name="WebScrapping.UEFA_ChampionsLeague" tests="1" failures="0" timestamp="02 Mar 2020 13:01:32 GMT" time="18.944" errors="0">
  <testcase name="uclWinners" time="18.944" classname="WebScrapping.UEFA_ChampionsLeague"/>
</testsuite> <!-- WebScrapping.UEFA_ChampionsLeague -->
