<?xml version="1.0" encoding="UTF-8"?>
<!-- Generated by org.testng.reporters.JUnitReportReporter -->
<testsuite skipped="0" hostname="GEPPARLA-IN" name="WebScrapping.UEFA_ChampionsLeague" tests="1" failures="0" timestamp="10 May 2020 16:04:42 GMT" time="12.561" errors="0">
  <testcase name="uclWinners" time="12.561" classname="WebScrapping.UEFA_ChampionsLeague"/>
</testsuite> <!-- WebScrapping.UEFA_ChampionsLeague -->
