<?xml version="1.0" encoding="UTF-8"?>
<!-- Generated by org.testng.reporters.JUnitReportReporter -->
<testsuite skipped="0" hostname="GEPPARLA-IN" name="WindowsAndAlerts.AlertsDemo" tests="1" failures="0" timestamp="27 Jan 2020 12:00:14 GMT" time="8.905" errors="0">
  <testcase name="alertDemo1" time="8.905" classname="WindowsAndAlerts.AlertsDemo"/>
</testsuite> <!-- WindowsAndAlerts.AlertsDemo -->
