<?xml version="1.0" encoding="UTF-8"?>
<!-- Generated by org.testng.reporters.JUnitReportReporter -->
<testsuite skipped="0" hostname="GEPPARLA-IN" name="ActionsAndJSExecutor.JSExecutorDemo" tests="1" failures="0" timestamp="24 Feb 2020 18:49:56 GMT" time="20.018" errors="0">
  <testcase name="JSDemoTest" time="20.018" classname="ActionsAndJSExecutor.JSExecutorDemo"/>
</testsuite> <!-- ActionsAndJSExecutor.JSExecutorDemo -->
