<?xml version="1.0" encoding="UTF-8"?>
<!-- Generated by org.testng.reporters.JUnitReportReporter -->
<testsuite skipped="3" hostname="GEPPARLA-IN" name="WindowsAndAlerts.WindowHandlersDemo" tests="4" failures="0" timestamp="14 May 2020 18:07:09 GMT" time="13.992" errors="0">
  <testcase name="newWindowTest" time="13.992" classname="WindowsAndAlerts.WindowHandlersDemo"/>
  <testcase name="TestDemo" classname="WindowsAndAlerts.WindowHandlersDemo">
    <skipped/>
  </testcase> <!-- TestDemo -->
  <testcase name="TestDemo2" classname="WindowsAndAlerts.WindowHandlersDemo">
    <skipped/>
  </testcase> <!-- TestDemo2 -->
  <testcase name="myBookmarksTest" classname="WindowsAndAlerts.WindowHandlersDemo">
    <skipped/>
  </testcase> <!-- myBookmarksTest -->
</testsuite> <!-- WindowsAndAlerts.WindowHandlersDemo -->
