<?xml version="1.0" encoding="UTF-8"?>
<!-- Generated by org.testng.reporters.JUnitReportReporter -->
<testsuite skipped="2" hostname="GEPPARLA-IN" name="WindowsAndAlerts.WindowHandlersDemo" tests="3" failures="0" timestamp="28 Apr 2020 16:59:44 GMT" time="27.198" errors="0">
  <testcase name="TestDemo" time="27.198" classname="WindowsAndAlerts.WindowHandlersDemo"/>
  <testcase name="myBookmarksTest" classname="WindowsAndAlerts.WindowHandlersDemo">
    <skipped/>
  </testcase> <!-- myBookmarksTest -->
  <testcase name="TestDemo2" classname="WindowsAndAlerts.WindowHandlersDemo">
    <skipped/>
  </testcase> <!-- TestDemo2 -->
</testsuite> <!-- WindowsAndAlerts.WindowHandlersDemo -->
