<?xml version="1.0" encoding="UTF-8"?>
<!-- Generated by org.testng.reporters.JUnitReportReporter -->
<testsuite skipped="0" hostname="GEPPARLA-IN" name="CheckBoxesAndDropDowns.CheckBoxes" tests="2" failures="0" timestamp="29 Jan 2020 18:01:49 GMT" time="14.568" errors="0">
  <testcase name="checkBoxTest" time="6.634" classname="CheckBoxesAndDropDowns.CheckBoxes"/>
  <testcase name="checBoxComplex" time="7.934" classname="CheckBoxesAndDropDowns.CheckBoxes"/>
</testsuite> <!-- CheckBoxesAndDropDowns.CheckBoxes -->
