<?xml version="1.0" encoding="UTF-8"?>
<!-- Generated by org.testng.reporters.JUnitReportReporter -->
<testsuite skipped="0" hostname="GEPPARLA-IN" name="eg.frames.FramesDemo" tests="1" failures="0" timestamp="29 Jan 2020 06:56:22 GMT" time="9.890" errors="0">
  <testcase name="frameTest1" time="9.890" classname="eg.frames.FramesDemo"/>
</testsuite> <!-- eg.frames.FramesDemo -->
